<?xml version="1.0" encoding="UTF-8"?>
<Site BuildName="Darwin-clang++"
	BuildStamp="20220613-0226-Experimental"
	Name="mac.local"
	Generator="ctest-3.23.2"
	CompilerName="/usr/bin/clang++"
	CompilerVersion="13.1.6.13160021"
	OSName="macOS"
	Hostname="mac.local"
	OSRelease="12.5"
	OSVersion="21G5037d"
	OSPlatform="arm64"
	Is64Bits="1"
	VendorString="IBM"
	VendorID="IBM"
	FamilyID="16777228"
	ModelID="2"
	ProcessorCacheSize="131072"
	NumberOfLogicalCPU="8"
	NumberOfPhysicalCPU="8"
	TotalVirtualMemory="2048"
	TotalPhysicalMemory="16384"
	LogicalProcessorsPerPhysical="8"
	ProcessorClockFrequency="0"
	>
	<Testing>
		<StartDateTime>Jun 13 11:26 KST</StartDateTime>
		<StartTestTime>1655087217</StartTestTime>
		<TestList/>
		<EndDateTime>Jun 13 11:26 KST</EndDateTime>
		<EndTestTime>1655087217</EndTestTime>
		<ElapsedMinutes>0</ElapsedMinutes>
	</Testing>
</Site>
